# JRE version: Java(TM) SE Runtime Environment (8.0_121-b13) (build 1.8.0_121-b13)
# Java VM: Java HotSpot(TM) 64-Bit Server VM (25.121-b13 mixed mode bsd-amd64 compressed oops)
Heap:
 PSYoungGen      total 24576K, used 5570K [0x0000000795580000, 0x0000000796e80000, 0x00000007c0000000)
  eden space 24064K, 22% used [0x0000000795580000,0x0000000795ad8838,0x0000000796d00000)
  from space 512K, 18% used [0x0000000796e00000,0x0000000796e18000,0x0000000796e80000)
  to   space 512K, 0% used [0x0000000796d80000,0x0000000796d80000,0x0000000796e00000)
 ParOldGen       total 87552K, used 46031K [0x0000000740000000, 0x0000000745580000, 0x0000000795580000)
  object space 87552K, 52% used [0x0000000740000000,0x0000000742cf3e88,0x0000000745580000)
 Metaspace       used 19741K, capacity 19995K, committed 20224K, reserved 1067008K
  class space    used 1908K, capacity 2008K, committed 2048K, reserved 1048576K
GC Heap History (10 events):
Event: 842.752 GC heap before
{Heap before GC invocations=152 (full 0):
 PSYoungGen      total 24576K, used 24128K [0x0000000795580000, 0x0000000796e80000, 0x00000007c0000000)
  eden space 24064K, 100% used [0x0000000795580000,0x0000000796d00000,0x0000000796d00000)
  from space 512K, 12% used [0x0000000796d80000,0x0000000796d90000,0x0000000796e00000)
  to   space 512K, 0% used [0x0000000796e00000,0x0000000796e00000,0x0000000796e80000)
 ParOldGen       total 87552K, used 46031K [0x0000000740000000, 0x0000000745580000, 0x0000000795580000)
  object space 87552K, 52% used [0x0000000740000000,0x0000000742cf3e88,0x0000000745580000)
 Metaspace       used 19706K, capacity 19995K, committed 20224K, reserved 1067008K
  class space    used 1900K, capacity 2008K, committed 2048K, reserved 1048576K
Event: 842.754 GC heap after
Heap after GC invocations=152 (full 0):
 PSYoungGen      total 24576K, used 96K [0x0000000795580000, 0x0000000796e80000, 0x00000007c0000000)
  eden space 24064K, 0% used [0x0000000795580000,0x0000000795580000,0x0000000796d00000)
  from space 512K, 18% used [0x0000000796e00000,0x0000000796e18000,0x0000000796e80000)
  to   space 512K, 0% used [0x0000000796d80000,0x0000000796d80000,0x0000000796e00000)
 ParOldGen       total 87552K, used 46031K [0x0000000740000000, 0x0000000745580000, 0x0000000795580000)
  object space 87552K, 52% used [0x0000000740000000,0x0000000742cf3e88,0x0000000745580000)
 Metaspace       used 19706K, capacity 19995K, committed 20224K, reserved 1067008K
  class space    used 1900K, capacity 2008K, committed 2048K, reserved 1048576K
}
Event: 848.978 GC heap before
{Heap before GC invocations=153 (full 0):
 PSYoungGen      total 24576K, used 24160K [0x0000000795580000, 0x0000000796e80000, 0x00000007c0000000)
  eden space 24064K, 100% used [0x0000000795580000,0x0000000796d00000,0x0000000796d00000)
  from space 512K, 18% used [0x0000000796e00000,0x0000000796e18000,0x0000000796e80000)
  to   space 512K, 0% used [0x0000000796d80000,0x0000000796d80000,0x0000000796e00000)
 ParOldGen       total 87552K, used 46031K [0x0000000740000000, 0x0000000745580000, 0x0000000795580000)
  object space 87552K, 52% used [0x0000000740000000,0x0000000742cf3e88,0x0000000745580000)
 Metaspace       used 19706K, capacity 19995K, committed 20224K, reserved 1067008K
  class space    used 1900K, capacity 2008K, committed 2048K, reserved 1048576K
Event: 848.980 GC heap after
Heap after GC invocations=153 (full 0):
 PSYoungGen      total 24576K, used 96K [0x0000000795580000, 0x0000000796e80000, 0x00000007c0000000)
  eden space 24064K, 0% used [0x0000000795580000,0x0000000795580000,0x0000000796d00000)
  from space 512K, 18% used [0x0000000796d80000,0x0000000796d98000,0x0000000796e00000)
  to   space 512K, 0% used [0x0000000796e00000,0x0000000796e00000,0x0000000796e80000)
 ParOldGen       total 87552K, used 46031K [0x0000000740000000, 0x0000000745580000, 0x0000000795580000)
  object space 87552K, 52% used [0x0000000740000000,0x0000000742cf3e88,0x0000000745580000)
 Metaspace       used 19706K, capacity 19995K, committed 20224K, reserved 1067008K
  class space    used 1900K, capacity 2008K, committed 2048K, reserved 1048576K
}
Event: 855.187 GC heap before
{Heap before GC invocations=154 (full 0):
 PSYoungGen      total 24576K, used 24160K [0x0000000795580000, 0x0000000796e80000, 0x00000007c0000000)
  eden space 24064K, 100% used [0x0000000795580000,0x0000000796d00000,0x0000000796d00000)
  from space 512K, 18% used [0x0000000796d80000,0x0000000796d98000,0x0000000796e00000)
  to   space 512K, 0% used [0x0000000796e00000,0x0000000796e00000,0x0000000796e80000)
 ParOldGen       total 87552K, used 46031K [0x0000000740000000, 0x0000000745580000, 0x0000000795580000)
  object space 87552K, 52% used [0x0000000740000000,0x0000000742cf3e88,0x0000000745580000)
 Metaspace       used 19706K, capacity 19995K, committed 20224K, reserved 1067008K
  class space    used 1900K, capacity 2008K, committed 2048K, reserved 1048576K
Event: 855.189 GC heap after
Heap after GC invocations=154 (full 0):
 PSYoungGen      total 24576K, used 96K [0x0000000795580000, 0x0000000796e80000, 0x00000007c0000000)
  eden space 24064K, 0% used [0x0000000795580000,0x0000000795580000,0x0000000796d00000)
  from space 512K, 18% used [0x0000000796e00000,0x0000000796e18000,0x0000000796e80000)
  to   space 512K, 0% used [0x0000000796d80000,0x0000000796d80000,0x0000000796e00000)
 ParOldGen       total 87552K, used 46031K [0x0000000740000000, 0x0000000745580000, 0x0000000795580000)
  object space 87552K, 52% used [0x0000000740000000,0x0000000742cf3e88,0x0000000745580000)
 Metaspace       used 19706K, capacity 19995K, committed 20224K, reserved 1067008K
  class space    used 1900K, capacity 2008K, committed 2048K, reserved 1048576K
}
Event: 861.064 GC heap before
{Heap before GC invocations=155 (full 0):
 PSYoungGen      total 24576K, used 24160K [0x0000000795580000, 0x0000000796e80000, 0x00000007c0000000)
  eden space 24064K, 100% used [0x0000000795580000,0x0000000796d00000,0x0000000796d00000)
  from space 512K, 18% used [0x0000000796e00000,0x0000000796e18000,0x0000000796e80000)
  to   space 512K, 0% used [0x0000000796d80000,0x0000000796d80000,0x0000000796e00000)
 ParOldGen       total 87552K, used 46031K [0x0000000740000000, 0x0000000745580000, 0x0000000795580000)
  object space 87552K, 52% used [0x0000000740000000,0x0000000742cf3e88,0x0000000745580000)
 Metaspace       used 19706K, capacity 19995K, committed 20224K, reserved 1067008K
  class space    used 1900K, capacity 2008K, committed 2048K, reserved 1048576K
Event: 861.066 GC heap after
Heap after GC invocations=155 (full 0):
 PSYoungGen      total 24576K, used 64K [0x0000000795580000, 0x0000000796e80000, 0x00000007c0000000)
  eden space 24064K, 0% used [0x0000000795580000,0x0000000795580000,0x0000000796d00000)
  from space 512K, 12% used [0x0000000796d80000,0x0000000796d90000,0x0000000796e00000)
  to   space 512K, 0% used [0x0000000796e00000,0x0000000796e00000,0x0000000796e80000)
 ParOldGen       total 87552K, used 46031K [0x0000000740000000, 0x0000000745580000, 0x0000000795580000)
  object space 87552K, 52% used [0x0000000740000000,0x0000000742cf3e88,0x0000000745580000)
 Metaspace       used 19706K, capacity 19995K, committed 20224K, reserved 1067008K
  class space    used 1900K, capacity 2008K, committed 2048K, reserved 1048576K
}
Event: 866.771 GC heap before
{Heap before GC invocations=156 (full 0):
 PSYoungGen      total 24576K, used 24128K [0x0000000795580000, 0x0000000796e80000, 0x00000007c0000000)
  eden space 24064K, 100% used [0x0000000795580000,0x0000000796d00000,0x0000000796d00000)
  from space 512K, 12% used [0x0000000796d80000,0x0000000796d90000,0x0000000796e00000)
  to   space 512K, 0% used [0x0000000796e00000,0x0000000796e00000,0x0000000796e80000)
 ParOldGen       total 87552K, used 46031K [0x0000000740000000, 0x0000000745580000, 0x0000000795580000)
  object space 87552K, 52% used [0x0000000740000000,0x0000000742cf3e88,0x0000000745580000)
 Metaspace       used 19706K, capacity 19995K, committed 20224K, reserved 1067008K
  class space    used 1900K, capacity 2008K, committed 2048K, reserved 1048576K
Event: 866.773 GC heap after
Heap after GC invocations=156 (full 0):
 PSYoungGen      total 24576K, used 96K [0x0000000795580000, 0x0000000796e80000, 0x00000007c0000000)
  eden space 24064K, 0% used [0x0000000795580000,0x0000000795580000,0x0000000796d00000)
  from space 512K, 18% used [0x0000000796e00000,0x0000000796e18000,0x0000000796e80000)
  to   space 512K, 0% used [0x0000000796d80000,0x0000000796d80000,0x0000000796e00000)
 ParOldGen       total 87552K, used 46031K [0x0000000740000000, 0x0000000745580000, 0x0000000795580000)
  object space 87552K, 52% used [0x0000000740000000,0x0000000742cf3e88,0x0000000745580000)
 Metaspace       used 19706K, capacity 19995K, committed 20224K, reserved 1067008K
  class space    used 1900K, capacity 2008K, committed 2048K, reserved 1048576K
}

