# JRE version: Java(TM) SE Runtime Environment (8.0_121-b13) (build 1.8.0_121-b13)
# Java VM: Java HotSpot(TM) 64-Bit Server VM (25.121-b13 mixed mode bsd-amd64 compressed oops)
Heap:
 PSYoungGen      total 43008K, used 8831K [0x0000000795580000, 0x0000000798f00000, 0x00000007c0000000)
  eden space 28160K, 31% used [0x0000000795580000,0x0000000795e0fca0,0x0000000797100000)
  from space 14848K, 0% used [0x0000000798080000,0x0000000798090000,0x0000000798f00000)
  to   space 15360K, 0% used [0x0000000797100000,0x0000000797100000,0x0000000798000000)
 ParOldGen       total 87552K, used 32020K [0x0000000740000000, 0x0000000745580000, 0x0000000795580000)
  object space 87552K, 36% used [0x0000000740000000,0x0000000741f45218,0x0000000745580000)
 Metaspace       used 19470K, capacity 19675K, committed 19968K, reserved 1067008K
  class space    used 1909K, capacity 2008K, committed 2048K, reserved 1048576K
GC Heap History (10 events):
Event: 51.343 GC heap before
{Heap before GC invocations=10 (full 0):
 PSYoungGen      total 44032K, used 30848K [0x0000000795580000, 0x0000000798f80000, 0x00000007c0000000)
  eden space 30720K, 100% used [0x0000000795580000,0x0000000797380000,0x0000000797380000)
  from space 13312K, 0% used [0x0000000797400000,0x0000000797420000,0x0000000798100000)
  to   space 14336K, 0% used [0x0000000798180000,0x0000000798180000,0x0000000798f80000)
 ParOldGen       total 87552K, used 31956K [0x0000000740000000, 0x0000000745580000, 0x0000000795580000)
  object space 87552K, 36% used [0x0000000740000000,0x0000000741f35218,0x0000000745580000)
 Metaspace       used 19413K, capacity 19675K, committed 19968K, reserved 1067008K
  class space    used 1902K, capacity 2008K, committed 2048K, reserved 1048576K
Event: 51.345 GC heap after
Heap after GC invocations=10 (full 0):
 PSYoungGen      total 44544K, used 96K [0x0000000795580000, 0x0000000799000000, 0x00000007c0000000)
  eden space 30208K, 0% used [0x0000000795580000,0x0000000795580000,0x0000000797300000)
  from space 14336K, 0% used [0x0000000798180000,0x0000000798198000,0x0000000798f80000)
  to   space 14848K, 0% used [0x0000000797300000,0x0000000797300000,0x0000000798180000)
 ParOldGen       total 87552K, used 31980K [0x0000000740000000, 0x0000000745580000, 0x0000000795580000)
  object space 87552K, 36% used [0x0000000740000000,0x0000000741f3b218,0x0000000745580000)
 Metaspace       used 19413K, capacity 19675K, committed 19968K, reserved 1067008K
  class space    used 1902K, capacity 2008K, committed 2048K, reserved 1048576K
}
Event: 59.865 GC heap before
{Heap before GC invocations=11 (full 0):
 PSYoungGen      total 44544K, used 30304K [0x0000000795580000, 0x0000000799000000, 0x00000007c0000000)
  eden space 30208K, 100% used [0x0000000795580000,0x0000000797300000,0x0000000797300000)
  from space 14336K, 0% used [0x0000000798180000,0x0000000798198000,0x0000000798f80000)
  to   space 14848K, 0% used [0x0000000797300000,0x0000000797300000,0x0000000798180000)
 ParOldGen       total 87552K, used 31980K [0x0000000740000000, 0x0000000745580000, 0x0000000795580000)
  object space 87552K, 36% used [0x0000000740000000,0x0000000741f3b218,0x0000000745580000)
 Metaspace       used 19413K, capacity 19675K, committed 19968K, reserved 1067008K
  class space    used 1902K, capacity 2008K, committed 2048K, reserved 1048576K
Event: 59.867 GC heap after
Heap after GC invocations=11 (full 0):
 PSYoungGen      total 44544K, used 128K [0x0000000795580000, 0x0000000799080000, 0x00000007c0000000)
  eden space 29696K, 0% used [0x0000000795580000,0x0000000795580000,0x0000000797280000)
  from space 14848K, 0% used [0x0000000797300000,0x0000000797320000,0x0000000798180000)
  to   space 15360K, 0% used [0x0000000798180000,0x0000000798180000,0x0000000799080000)
 ParOldGen       total 87552K, used 32004K [0x0000000740000000, 0x0000000745580000, 0x0000000795580000)
  object space 87552K, 36% used [0x0000000740000000,0x0000000741f41218,0x0000000745580000)
 Metaspace       used 19413K, capacity 19675K, committed 19968K, reserved 1067008K
  class space    used 1902K, capacity 2008K, committed 2048K, reserved 1048576K
}
Event: 68.675 GC heap before
{Heap before GC invocations=12 (full 0):
 PSYoungGen      total 44544K, used 29824K [0x0000000795580000, 0x0000000799080000, 0x00000007c0000000)
  eden space 29696K, 100% used [0x0000000795580000,0x0000000797280000,0x0000000797280000)
  from space 14848K, 0% used [0x0000000797300000,0x0000000797320000,0x0000000798180000)
  to   space 15360K, 0% used [0x0000000798180000,0x0000000798180000,0x0000000799080000)
 ParOldGen       total 87552K, used 32004K [0x0000000740000000, 0x0000000745580000, 0x0000000795580000)
  object space 87552K, 36% used [0x0000000740000000,0x0000000741f41218,0x0000000745580000)
 Metaspace       used 19413K, capacity 19675K, committed 19968K, reserved 1067008K
  class space    used 1902K, capacity 2008K, committed 2048K, reserved 1048576K
Event: 68.677 GC heap after
Heap after GC invocations=12 (full 0):
 PSYoungGen      total 44032K, used 64K [0x0000000795580000, 0x0000000799000000, 0x00000007c0000000)
  eden space 29184K, 0% used [0x0000000795580000,0x0000000795580000,0x0000000797200000)
  from space 14848K, 0% used [0x0000000798180000,0x0000000798190000,0x0000000799000000)
  to   space 15360K, 0% used [0x0000000797200000,0x0000000797200000,0x0000000798100000)
 ParOldGen       total 87552K, used 32012K [0x0000000740000000, 0x0000000745580000, 0x0000000795580000)
  object space 87552K, 36% used [0x0000000740000000,0x0000000741f43218,0x0000000745580000)
 Metaspace       used 19413K, capacity 19675K, committed 19968K, reserved 1067008K
  class space    used 1902K, capacity 2008K, committed 2048K, reserved 1048576K
}
Event: 76.961 GC heap before
{Heap before GC invocations=13 (full 0):
 PSYoungGen      total 44032K, used 29248K [0x0000000795580000, 0x0000000799000000, 0x00000007c0000000)
  eden space 29184K, 100% used [0x0000000795580000,0x0000000797200000,0x0000000797200000)
  from space 14848K, 0% used [0x0000000798180000,0x0000000798190000,0x0000000799000000)
  to   space 15360K, 0% used [0x0000000797200000,0x0000000797200000,0x0000000798100000)
 ParOldGen       total 87552K, used 32012K [0x0000000740000000, 0x0000000745580000, 0x0000000795580000)
  object space 87552K, 36% used [0x0000000740000000,0x0000000741f43218,0x0000000745580000)
 Metaspace       used 19413K, capacity 19675K, committed 19968K, reserved 1067008K
  class space    used 1902K, capacity 2008K, committed 2048K, reserved 1048576K
Event: 76.963 GC heap after
Heap after GC invocations=13 (full 0):
 PSYoungGen      total 29184K, used 64K [0x0000000795580000, 0x0000000798f80000, 0x00000007c0000000)
  eden space 28672K, 0% used [0x0000000795580000,0x0000000795580000,0x0000000797180000)
  from space 512K, 12% used [0x0000000797200000,0x0000000797210000,0x0000000797280000)
  to   space 15360K, 0% used [0x0000000798080000,0x0000000798080000,0x0000000798f80000)
 ParOldGen       total 87552K, used 32020K [0x0000000740000000, 0x0000000745580000, 0x0000000795580000)
  object space 87552K, 36% used [0x0000000740000000,0x0000000741f45218,0x0000000745580000)
 Metaspace       used 19413K, capacity 19675K, committed 19968K, reserved 1067008K
  class space    used 1902K, capacity 2008K, committed 2048K, reserved 1048576K
}
Event: 84.950 GC heap before
{Heap before GC invocations=14 (full 0):
 PSYoungGen      total 29184K, used 28736K [0x0000000795580000, 0x0000000798f80000, 0x00000007c0000000)
  eden space 28672K, 100% used [0x0000000795580000,0x0000000797180000,0x0000000797180000)
  from space 512K, 12% used [0x0000000797200000,0x0000000797210000,0x0000000797280000)
  to   space 15360K, 0% used [0x0000000798080000,0x0000000798080000,0x0000000798f80000)
 ParOldGen       total 87552K, used 32020K [0x0000000740000000, 0x0000000745580000, 0x0000000795580000)
  object space 87552K, 36% used [0x0000000740000000,0x0000000741f45218,0x0000000745580000)
 Metaspace       used 19413K, capacity 19675K, committed 19968K, reserved 1067008K
  class space    used 1902K, capacity 2008K, committed 2048K, reserved 1048576K
Event: 84.951 GC heap after
Heap after GC invocations=14 (full 0):
 PSYoungGen      total 43008K, used 64K [0x0000000795580000, 0x0000000798f00000, 0x00000007c0000000)
  eden space 28160K, 0% used [0x0000000795580000,0x0000000795580000,0x0000000797100000)
  from space 14848K, 0% used [0x0000000798080000,0x0000000798090000,0x0000000798f00000)
  to   space 15360K, 0% used [0x0000000797100000,0x0000000797100000,0x0000000798000000)
 ParOldGen       total 87552K, used 32020K [0x0000000740000000, 0x0000000745580000, 0x0000000795580000)
  object space 87552K, 36% used [0x0000000740000000,0x0000000741f45218,0x0000000745580000)
 Metaspace       used 19413K, capacity 19675K, committed 19968K, reserved 1067008K
  class space    used 1902K, capacity 2008K, committed 2048K, reserved 1048576K
}

