# JRE version: Java(TM) SE Runtime Environment (8.0_121-b13) (build 1.8.0_121-b13)
# Java VM: Java HotSpot(TM) 64-Bit Server VM (25.121-b13 mixed mode bsd-amd64 compressed oops)
Heap:
 PSYoungGen      total 31744K, used 24164K [0x0000000795580000, 0x0000000797700000, 0x00000007c0000000)
  eden space 29184K, 82% used [0x0000000795580000,0x0000000796d09380,0x0000000797200000)
  from space 2560K, 2% used [0x0000000797200000,0x0000000797210000,0x0000000797480000)
  to   space 2560K, 0% used [0x0000000797480000,0x0000000797480000,0x0000000797700000)
 ParOldGen       total 69632K, used 30641K [0x0000000740000000, 0x0000000744400000, 0x0000000795580000)
  object space 69632K, 44% used [0x0000000740000000,0x0000000741dec760,0x0000000744400000)
 Metaspace       used 24197K, capacity 24529K, committed 24832K, reserved 1071104K
  class space    used 2388K, capacity 2507K, committed 2560K, reserved 1048576K
GC Heap History (10 events):
Event: 566.441 GC heap before
{Heap before GC invocations=54 (full 1):
 PSYoungGen      total 31744K, used 29280K [0x0000000795580000, 0x0000000797800000, 0x00000007c0000000)
  eden space 29184K, 100% used [0x0000000795580000,0x0000000797200000,0x0000000797200000)
  from space 2560K, 3% used [0x0000000797580000,0x0000000797598000,0x0000000797800000)
  to   space 3072K, 0% used [0x0000000797200000,0x0000000797200000,0x0000000797500000)
 ParOldGen       total 69632K, used 30641K [0x0000000740000000, 0x0000000744400000, 0x0000000795580000)
  object space 69632K, 44% used [0x0000000740000000,0x0000000741dec760,0x0000000744400000)
 Metaspace       used 24155K, capacity 24465K, committed 24576K, reserved 1071104K
  class space    used 2381K, capacity 2507K, committed 2560K, reserved 1048576K
Event: 566.442 GC heap after
Heap after GC invocations=54 (full 1):
 PSYoungGen      total 32256K, used 64K [0x0000000795580000, 0x0000000797800000, 0x00000007c0000000)
  eden space 29184K, 0% used [0x0000000795580000,0x0000000795580000,0x0000000797200000)
  from space 3072K, 2% used [0x0000000797200000,0x0000000797210000,0x0000000797500000)
  to   space 3072K, 0% used [0x0000000797500000,0x0000000797500000,0x0000000797800000)
 ParOldGen       total 69632K, used 30641K [0x0000000740000000, 0x0000000744400000, 0x0000000795580000)
  object space 69632K, 44% used [0x0000000740000000,0x0000000741dec760,0x0000000744400000)
 Metaspace       used 24155K, capacity 24465K, committed 24576K, reserved 1071104K
  class space    used 2381K, capacity 2507K, committed 2560K, reserved 1048576K
}
Event: 575.129 GC heap before
{Heap before GC invocations=55 (full 1):
 PSYoungGen      total 32256K, used 29248K [0x0000000795580000, 0x0000000797800000, 0x00000007c0000000)
  eden space 29184K, 100% used [0x0000000795580000,0x0000000797200000,0x0000000797200000)
  from space 3072K, 2% used [0x0000000797200000,0x0000000797210000,0x0000000797500000)
  to   space 3072K, 0% used [0x0000000797500000,0x0000000797500000,0x0000000797800000)
 ParOldGen       total 69632K, used 30641K [0x0000000740000000, 0x0000000744400000, 0x0000000795580000)
  object space 69632K, 44% used [0x0000000740000000,0x0000000741dec760,0x0000000744400000)
 Metaspace       used 24155K, capacity 24465K, committed 24576K, reserved 1071104K
  class space    used 2381K, capacity 2507K, committed 2560K, reserved 1048576K
Event: 575.130 GC heap after
Heap after GC invocations=55 (full 1):
 PSYoungGen      total 32256K, used 64K [0x0000000795580000, 0x0000000797800000, 0x00000007c0000000)
  eden space 29184K, 0% used [0x0000000795580000,0x0000000795580000,0x0000000797200000)
  from space 3072K, 2% used [0x0000000797500000,0x0000000797510000,0x0000000797800000)
  to   space 3072K, 0% used [0x0000000797200000,0x0000000797200000,0x0000000797500000)
 ParOldGen       total 69632K, used 30641K [0x0000000740000000, 0x0000000744400000, 0x0000000795580000)
  object space 69632K, 44% used [0x0000000740000000,0x0000000741dec760,0x0000000744400000)
 Metaspace       used 24155K, capacity 24465K, committed 24576K, reserved 1071104K
  class space    used 2381K, capacity 2507K, committed 2560K, reserved 1048576K
}
Event: 583.814 GC heap before
{Heap before GC invocations=56 (full 1):
 PSYoungGen      total 32256K, used 29248K [0x0000000795580000, 0x0000000797800000, 0x00000007c0000000)
  eden space 29184K, 100% used [0x0000000795580000,0x0000000797200000,0x0000000797200000)
  from space 3072K, 2% used [0x0000000797500000,0x0000000797510000,0x0000000797800000)
  to   space 3072K, 0% used [0x0000000797200000,0x0000000797200000,0x0000000797500000)
 ParOldGen       total 69632K, used 30641K [0x0000000740000000, 0x0000000744400000, 0x0000000795580000)
  object space 69632K, 44% used [0x0000000740000000,0x0000000741dec760,0x0000000744400000)
 Metaspace       used 24155K, capacity 24465K, committed 24576K, reserved 1071104K
  class space    used 2381K, capacity 2507K, committed 2560K, reserved 1048576K
Event: 583.816 GC heap after
Heap after GC invocations=56 (full 1):
 PSYoungGen      total 29696K, used 64K [0x0000000795580000, 0x0000000797700000, 0x00000007c0000000)
  eden space 29184K, 0% used [0x0000000795580000,0x0000000795580000,0x0000000797200000)
  from space 512K, 12% used [0x0000000797200000,0x0000000797210000,0x0000000797280000)
  to   space 2560K, 0% used [0x0000000797480000,0x0000000797480000,0x0000000797700000)
 ParOldGen       total 69632K, used 30641K [0x0000000740000000, 0x0000000744400000, 0x0000000795580000)
  object space 69632K, 44% used [0x0000000740000000,0x0000000741dec760,0x0000000744400000)
 Metaspace       used 24155K, capacity 24465K, committed 24576K, reserved 1071104K
  class space    used 2381K, capacity 2507K, committed 2560K, reserved 1048576K
}
Event: 593.021 GC heap before
{Heap before GC invocations=57 (full 1):
 PSYoungGen      total 29696K, used 29248K [0x0000000795580000, 0x0000000797700000, 0x00000007c0000000)
  eden space 29184K, 100% used [0x0000000795580000,0x0000000797200000,0x0000000797200000)
  from space 512K, 12% used [0x0000000797200000,0x0000000797210000,0x0000000797280000)
  to   space 2560K, 0% used [0x0000000797480000,0x0000000797480000,0x0000000797700000)
 ParOldGen       total 69632K, used 30641K [0x0000000740000000, 0x0000000744400000, 0x0000000795580000)
  object space 69632K, 44% used [0x0000000740000000,0x0000000741dec760,0x0000000744400000)
 Metaspace       used 24155K, capacity 24465K, committed 24576K, reserved 1071104K
  class space    used 2381K, capacity 2507K, committed 2560K, reserved 1048576K
Event: 593.023 GC heap after
Heap after GC invocations=57 (full 1):
 PSYoungGen      total 31744K, used 96K [0x0000000795580000, 0x0000000797700000, 0x00000007c0000000)
  eden space 29184K, 0% used [0x0000000795580000,0x0000000795580000,0x0000000797200000)
  from space 2560K, 3% used [0x0000000797480000,0x0000000797498000,0x0000000797700000)
  to   space 2560K, 0% used [0x0000000797200000,0x0000000797200000,0x0000000797480000)
 ParOldGen       total 69632K, used 30641K [0x0000000740000000, 0x0000000744400000, 0x0000000795580000)
  object space 69632K, 44% used [0x0000000740000000,0x0000000741dec760,0x0000000744400000)
 Metaspace       used 24155K, capacity 24465K, committed 24576K, reserved 1071104K
  class space    used 2381K, capacity 2507K, committed 2560K, reserved 1048576K
}
Event: 601.807 GC heap before
{Heap before GC invocations=58 (full 1):
 PSYoungGen      total 31744K, used 29280K [0x0000000795580000, 0x0000000797700000, 0x00000007c0000000)
  eden space 29184K, 100% used [0x0000000795580000,0x0000000797200000,0x0000000797200000)
  from space 2560K, 3% used [0x0000000797480000,0x0000000797498000,0x0000000797700000)
  to   space 2560K, 0% used [0x0000000797200000,0x0000000797200000,0x0000000797480000)
 ParOldGen       total 69632K, used 30641K [0x0000000740000000, 0x0000000744400000, 0x0000000795580000)
  object space 69632K, 44% used [0x0000000740000000,0x0000000741dec760,0x0000000744400000)
 Metaspace       used 24155K, capacity 24465K, committed 24576K, reserved 1071104K
  class space    used 2381K, capacity 2507K, committed 2560K, reserved 1048576K
Event: 601.809 GC heap after
Heap after GC invocations=58 (full 1):
 PSYoungGen      total 31744K, used 64K [0x0000000795580000, 0x0000000797700000, 0x00000007c0000000)
  eden space 29184K, 0% used [0x0000000795580000,0x0000000795580000,0x0000000797200000)
  from space 2560K, 2% used [0x0000000797200000,0x0000000797210000,0x0000000797480000)
  to   space 2560K, 0% used [0x0000000797480000,0x0000000797480000,0x0000000797700000)
 ParOldGen       total 69632K, used 30641K [0x0000000740000000, 0x0000000744400000, 0x0000000795580000)
  object space 69632K, 44% used [0x0000000740000000,0x0000000741dec760,0x0000000744400000)
 Metaspace       used 24155K, capacity 24465K, committed 24576K, reserved 1071104K
  class space    used 2381K, capacity 2507K, committed 2560K, reserved 1048576K
}

